<?xml version="1.0" encoding="UTF-8"?>
<!-- Generated by org.testng.reporters.JUnitXMLReporter -->
<testsuite hostname="Thirumoorthi" ignored="0" name="First test" tests="1" failures="0" timestamp="08 May 2018 01:28:29 GMT" time="6.837" errors="0">
  <testcase name="@BeforeMethod setUp" time="6.769" classname="testcases.guruclass">
    <failure type="java.lang.NullPointerException">
      <![CDATA[java.lang.NullPointerException
	at org.openqa.selenium.support.events.EventFiringWebDriver.lambda$new$0(EventFiringWebDriver.java:82)
	at com.sun.proxy.$Proxy6.beforeNavigateTo(Unknown Source)
	at org.openqa.selenium.support.events.EventFiringWebDriver.get(EventFiringWebDriver.java:160)
	at basetest.basetest.intialise(basetest.java:49)
	at testcases.guruclass.setUp(guruclass.java:19)
... Removed 31 stack frames]]>
    </failure>
  </testcase> <!-- @BeforeMethod setUp -->
  <testcase name="test" time="0.001" classname="testcases.guruclass">
    <skipped/>
  </testcase> <!-- test -->
</testsuite> <!-- First test -->
